Start testing: Feb 11 23:48 JST
----------------------------------------------------------
1/13 Testing: config_schema
1/13 Test: config_schema
Command: "/Users/izumimotohayato/development/kusozako/build/config_schema_test"
Directory: /Users/izumimotohayato/development/kusozako/build
"config_schema" start time: Feb 11 23:48 JST
Output:
----------------------------------------------------------
<end of output>
Test time =   0.60 sec
----------------------------------------------------------
Test Passed.
"config_schema" end time: Feb 11 23:48 JST
"config_schema" time elapsed: 00:00:00
----------------------------------------------------------

2/13 Testing: world_state_step_order
2/13 Test: world_state_step_order
Command: "/Users/izumimotohayato/development/kusozako/build/world_state_step_order_test"
Directory: /Users/izumimotohayato/development/kusozako/build
"world_state_step_order" start time: Feb 11 23:48 JST
Output:
----------------------------------------------------------
<end of output>
Test time =   0.51 sec
----------------------------------------------------------
Test Passed.
"world_state_step_order" end time: Feb 11 23:48 JST
"world_state_step_order" time elapsed: 00:00:00
----------------------------------------------------------

3/13 Testing: systems_behavior
3/13 Test: systems_behavior
Command: "/Users/izumimotohayato/development/kusozako/build/systems_behavior_test"
Directory: /Users/izumimotohayato/development/kusozako/build
"systems_behavior" start time: Feb 11 23:48 JST
Output:
----------------------------------------------------------
<end of output>
Test time =   0.53 sec
----------------------------------------------------------
Test Passed.
"systems_behavior" end time: Feb 11 23:48 JST
"systems_behavior" time elapsed: 00:00:00
----------------------------------------------------------

4/13 Testing: job_ability_system
4/13 Test: job_ability_system
Command: "/Users/izumimotohayato/development/kusozako/build/job_ability_system_test"
Directory: /Users/izumimotohayato/development/kusozako/build
"job_ability_system" start time: Feb 11 23:48 JST
Output:
----------------------------------------------------------
<end of output>
Test time =   0.48 sec
----------------------------------------------------------
Test Passed.
"job_ability_system" end time: Feb 11 23:48 JST
"job_ability_system" time elapsed: 00:00:00
----------------------------------------------------------

12/13 Testing: json_round_trip
12/13 Test: json_round_trip
Command: "/Users/izumimotohayato/development/kusozako/build/json_round_trip_test"
Directory: /Users/izumimotohayato/development/kusozako/build
"json_round_trip" start time: Feb 11 23:48 JST
Output:
----------------------------------------------------------
<end of output>
Test time =   0.38 sec
----------------------------------------------------------
Test Passed.
"json_round_trip" end time: Feb 11 23:48 JST
"json_round_trip" time elapsed: 00:00:00
----------------------------------------------------------

End testing: Feb 11 23:48 JST
